#
# There is insufficient memory for the Java Runtime Environment to continue.
# Native memory allocation (mmap) failed to map 268435456 bytes for G1 virtual space
# Possible reasons:
#   The system is out of physical RAM or swap space
#   The process is running with CompressedOops enabled, and the Java Heap may be blocking the growth of the native heap
# Possible solutions:
#   Reduce memory load on the system
#   Increase physical memory or swap space
#   Check if swap backing store is full
#   Decrease Java heap size (-Xmx/-Xms)
#   Decrease number of Java threads
#   Decrease Java thread stack sizes (-Xss)
#   Set larger code cache with -XX:ReservedCodeCacheSize=
#   JVM is running with Zero Based Compressed Oops mode in which the Java heap is
#     placed in the first 32GB address space. The Java Heap base address is the
#     maximum limit for the native heap growth. Please use -XX:HeapBaseMinAddress
#     to set the Java Heap base and to place the Java Heap above 32GB virtual address.
# This output file may be truncated or incomplete.
#
#  Out of Memory Error (os_windows.cpp:3829), pid=9680, tid=5172
#
# JRE version:  (17.0.8+7) (build )
# Java VM: OpenJDK 64-Bit Server VM (17.0.8+7-b1000.22, mixed mode, sharing, tiered, compressed oops, compressed class ptrs, g1 gc, windows-amd64)
# No core dump will be written. Minidumps are not enabled by default on client versions of Windows
#

---------------  S U M M A R Y ------------

Command Line: -javaagent:C:\Program Files\JetBrains\IntelliJ IDEA 2023.2.2\lib\idea_rt.jar=51695:C:\Program Files\JetBrains\IntelliJ IDEA 2023.2.2\bin -Dfile.encoding=UTF-8 org.example.jdbc.JdbcRunner

Host: Intel(R) Core(TM) i3-8300 CPU @ 3.70GHz, 4 cores, 15G,  Windows 10 , 64 bit Build 19041 (10.0.19041.3636)
Time: Sun Nov 19 13:25:34 2023 RTZ 2 (s 10 , 64 bit Build 19041 (10.0.19041.3636) elapsed time: 0.015179 seconds (0d 0h 0m 0s)

---------------  T H R E A D  ---------------

Current thread (0x000001a39c40a360):  JavaThread "Unknown thread" [_thread_in_vm, id=5172, stack(0x0000005c67400000,0x0000005c67500000)]

Stack: [0x0000005c67400000,0x0000005c67500000]
Native frames: (J=compiled Java code, j=interpreted, Vv=VM code, C=native code)
V  [jvm.dll+0x6852da]
V  [jvm.dll+0x844c84]
V  [jvm.dll+0x84659e]
V  [jvm.dll+0x846c03]
V  [jvm.dll+0x24b7cf]
V  [jvm.dll+0x682049]
V  [jvm.dll+0x67671a]
V  [jvm.dll+0x30be2b]
V  [jvm.dll+0x3132d6]
V  [jvm.dll+0x36302e]
V  [jvm.dll+0x36325f]
V  [jvm.dll+0x2e1f48]
V  [jvm.dll+0x2e2eb4]
V  [jvm.dll+0x815c11]
V  [jvm.dll+0x370df1]
V  [jvm.dll+0x7f4fdc]
V  [jvm.dll+0x3f3f1f]
V  [jvm.dll+0x3f5b31]
C  [jli.dll+0x528f]
C  [ucrtbase.dll+0x21bb2]
C  [KERNEL32.DLL+0x17344]
C  [ntdll.dll+0x526b1]


---------------  P R O C E S S  ---------------

Threads class SMR info:
_java_thread_list=0x00007ff9e9110098, length=0, elements={
}

Java Threads: ( => current thread )

Other Threads:
  0x000001a39c4725a0 GCTaskThread "GC Thread#0" [stack: 0x0000005c67500000,0x0000005c67600000] [id=8916]
  0x000001a39c4842d0 ConcurrentGCThread "G1 Main Marker" [stack: 0x0000005c67600000,0x0000005c67700000] [id=4456]
  0x000001a39c485390 ConcurrentGCThread "G1 Conc#0" [stack: 0x0000005c67700000,0x0000005c67800000] [id=8964]

[error occurred during error reporting (printing all threads), id 0xc0000005, EXCEPTION_ACCESS_VIOLATION (0xc0000005) at pc=0x00007ff9e88c2ab7]

VM state: not at safepoint (not fully initialized)

VM Mutex/Monitor currently owned by a thread:  ([mutex/lock_event])
[0x000001a39c402c50] Heap_lock - owner thread: 0x000001a39c40a360

Heap address: 0x0000000701400000, size: 4076 MB, Compressed Oops mode: Zero based, Oop shift amount: 3

CDS archive(s) mapped at: [0x0000000000000000-0x0000000000000000-0x0000000000000000), size 0, SharedBaseAddress: 0x0000000800000000, ArchiveRelocationMode: 1.
Narrow klass base: 0x0000000000000000, Narrow klass shift: 0, Narrow klass range: 0x0

GC Precious Log:
<Empty>

Heap:
 garbage-first heap   total 0K, used 0K [0x0000000701400000, 0x0000000800000000)
  region size 2048K, 0 young (0K), 0 survivors (0K)
 Metaspace       used 0K, committed 0K, reserved 0K
  class space    used 0K, committed 0K, reserved 0K

Heap Regions: E=young(eden), S=young(survivor), O=old, HS=humongous(starts), HC=humongous(continues), CS=collection set, F=free, OA=open archive, CA=closed archive, TAMS=top-at-mark-start (previous, next)

Card table byte_map: [0x000001a3b1180000,0x000001a3b1980000] _byte_map_base: 0x000001a3ad976000

Marking Bits (Prev, Next): (CMBitMap*) 0x000001a39c473ae0, (CMBitMap*) 0x000001a39c473b20
 Prev Bits: [0x000001a3b2180000, 0x000001a3b6130000)
 Next Bits: [0x000001a3b6130000, 0x000001a3ba0e0000)

GC Heap History (0 events):
No events

Dll operation events (1 events):
Event: 0.008 Loaded shared library C:\Program Files\JetBrains\IntelliJ IDEA 2023.2.2\jbr\bin\java.dll

Deoptimization events (0 events):
No events

Classes unloaded (0 events):
No events

Classes redefined (0 events):
No events

Internal exceptions (0 events):
No events

VM Operations (0 events):
No events

Events (0 events):
No events


Dynamic libraries:
0x00007ff621370000 - 0x00007ff62137a000 	C:\Program Files\JetBrains\IntelliJ IDEA 2023.2.2\jbr\bin\java.exe
0x00007ffa447f0000 - 0x00007ffa449e8000 	C:\WINDOWS\SYSTEM32\ntdll.dll
0x00007ffa43070000 - 0x00007ffa4312d000 	C:\WINDOWS\System32\KERNEL32.DLL
0x00007ffa41ed0000 - 0x00007ffa421c6000 	C:\WINDOWS\System32\KERNELBASE.dll
0x00007ffa42480000 - 0x00007ffa42580000 	C:\WINDOWS\System32\ucrtbase.dll
0x00007ffa2e940000 - 0x00007ffa2e95b000 	C:\Program Files\JetBrains\IntelliJ IDEA 2023.2.2\jbr\bin\VCRUNTIME140.dll
0x00007ffa2fdb0000 - 0x00007ffa2fdc7000 	C:\Program Files\JetBrains\IntelliJ IDEA 2023.2.2\jbr\bin\jli.dll
0x00007ffa445b0000 - 0x00007ffa4474e000 	C:\WINDOWS\System32\USER32.dll
0x00007ffa42450000 - 0x00007ffa42472000 	C:\WINDOWS\System32\win32u.dll
0x00007ffa441c0000 - 0x00007ffa441ec000 	C:\WINDOWS\System32\GDI32.dll
0x00007ffa421d0000 - 0x00007ffa422ea000 	C:\WINDOWS\System32\gdi32full.dll
0x00007ffa422f0000 - 0x00007ffa4238d000 	C:\WINDOWS\System32\msvcp_win.dll
0x00007ffa2c740000 - 0x00007ffa2c9da000 	C:\WINDOWS\WinSxS\amd64_microsoft.windows.common-controls_6595b64144ccf1df_6.0.19041.3636_none_60b6a03d71f818d5\COMCTL32.dll
0x00007ffa42cf0000 - 0x00007ffa42d8e000 	C:\WINDOWS\System32\msvcrt.dll
0x00007ffa43040000 - 0x00007ffa43070000 	C:\WINDOWS\System32\IMM32.DLL
0x00007ffa31940000 - 0x00007ffa3194c000 	C:\Program Files\JetBrains\IntelliJ IDEA 2023.2.2\jbr\bin\vcruntime140_1.dll
0x00007ffa1b860000 - 0x00007ffa1b8ed000 	C:\Program Files\JetBrains\IntelliJ IDEA 2023.2.2\jbr\bin\msvcp140.dll
0x00007ff9e85d0000 - 0x00007ff9e9253000 	C:\Program Files\JetBrains\IntelliJ IDEA 2023.2.2\jbr\bin\server\jvm.dll
0x00007ffa431e0000 - 0x00007ffa4328f000 	C:\WINDOWS\System32\ADVAPI32.dll
0x00007ffa44510000 - 0x00007ffa445ac000 	C:\WINDOWS\System32\sechost.dll
0x00007ffa44270000 - 0x00007ffa44396000 	C:\WINDOWS\System32\RPCRT4.dll
0x00007ffa41480000 - 0x00007ffa414cb000 	C:\WINDOWS\SYSTEM32\POWRPROF.dll
0x00007ffa2f1d0000 - 0x00007ffa2f1d9000 	C:\WINDOWS\SYSTEM32\WSOCK32.dll
0x00007ffa42d90000 - 0x00007ffa42dfb000 	C:\WINDOWS\System32\WS2_32.dll
0x00007ffa3a4b0000 - 0x00007ffa3a4d7000 	C:\WINDOWS\SYSTEM32\WINMM.dll
0x00007ffa3b970000 - 0x00007ffa3b97a000 	C:\WINDOWS\SYSTEM32\VERSION.dll
0x00007ffa412f0000 - 0x00007ffa41302000 	C:\WINDOWS\SYSTEM32\UMPDC.dll
0x00007ffa3fcd0000 - 0x00007ffa3fce2000 	C:\WINDOWS\SYSTEM32\kernel.appcore.dll
0x00007ffa3ddd0000 - 0x00007ffa3ddda000 	C:\Program Files\JetBrains\IntelliJ IDEA 2023.2.2\jbr\bin\jimage.dll
0x00007ffa32320000 - 0x00007ffa32504000 	C:\WINDOWS\SYSTEM32\DBGHELP.DLL
0x00007ffa31a90000 - 0x00007ffa31ac4000 	C:\WINDOWS\SYSTEM32\dbgcore.DLL
0x00007ffa42390000 - 0x00007ffa42412000 	C:\WINDOWS\System32\bcryptPrimitives.dll
0x00007ffa31950000 - 0x00007ffa3195e000 	C:\Program Files\JetBrains\IntelliJ IDEA 2023.2.2\jbr\bin\instrument.dll
0x00007ffa3d630000 - 0x00007ffa3d655000 	C:\Program Files\JetBrains\IntelliJ IDEA 2023.2.2\jbr\bin\java.dll

dbghelp: loaded successfully - version: 4.0.5 - missing functions: none
symbol engine: initialized successfully - sym options: 0x614 - pdb path: .;C:\Program Files\JetBrains\IntelliJ IDEA 2023.2.2\jbr\bin;C:\WINDOWS\SYSTEM32;C:\WINDOWS\WinSxS\amd64_microsoft.windows.common-controls_6595b64144ccf1df_6.0.19041.3636_none_60b6a03d71f818d5;C:\Program Files\JetBrains\IntelliJ IDEA 2023.2.2\jbr\bin\server

VM Arguments:
jvm_args: -javaagent:C:\Program Files\JetBrains\IntelliJ IDEA 2023.2.2\lib\idea_rt.jar=51695:C:\Program Files\JetBrains\IntelliJ IDEA 2023.2.2\bin -Dfile.encoding=UTF-8 
java_command: org.example.jdbc.JdbcRunner
java_class_path (initial): Z:\Общая преподавателей\Глаз Илья\jdbc-connect\jdbc-connect\target\classes;C:\Users\Админ\.m2\repository\org\postgresql\postgresql\42.6.0\postgresql-42.6.0.jar;C:\Users\Админ\.m2\repository\org\checkerframework\checker-qual\3.31.0\checker-qual-3.31.0.jar
Launcher Type: SUN_STANDARD

[Global flags]
     intx CICompilerCount                          = 3                                         {product} {ergonomic}
     uint ConcGCThreads                            = 1                                         {product} {ergonomic}
     uint G1ConcRefinementThreads                  = 4                                         {product} {ergonomic}
   size_t G1HeapRegionSize                         = 2097152                                   {product} {ergonomic}
    uintx GCDrainStackTargetSize                   = 64                                        {product} {ergonomic}
   size_t InitialHeapSize                          = 268435456                                 {product} {ergonomic}
   size_t MarkStackSize                            = 4194304                                   {product} {ergonomic}
   size_t MaxHeapSize                              = 4273995776                                {product} {ergonomic}
   size_t MinHeapDeltaBytes                        = 2097152                                   {product} {ergonomic}
   size_t MinHeapSize                              = 8388608                                   {product} {ergonomic}
    uintx NonNMethodCodeHeapSize                   = 5832780                                {pd product} {ergonomic}
    uintx NonProfiledCodeHeapSize                  = 122912730                              {pd product} {ergonomic}
    uintx ProfiledCodeHeapSize                     = 122912730                              {pd product} {ergonomic}
    uintx ReservedCodeCacheSize                    = 251658240                              {pd product} {ergonomic}
     bool SegmentedCodeCache                       = true                                      {product} {ergonomic}
   size_t SoftMaxHeapSize                          = 4273995776                             {manageable} {ergonomic}
     bool UseCompressedClassPointers               = true                           {product lp64_product} {ergonomic}
     bool UseCompressedOops                        = true                           {product lp64_product} {ergonomic}
     bool UseG1GC                                  = true                                      {product} {ergonomic}
     bool UseLargePagesIndividualAllocation        = false                                  {pd product} {ergonomic}

Logging:
Log output configuration:
 #0: stdout all=warning uptime,level,tags
 #1: stderr all=off uptime,level,tags

Environment Variables:
JAVA_HOME=C:\Program Files\Java\jdk-17
PATH=C:\Program Files\Common Files\Oracle\Java\javapath;C:\Program Files\Java\jdk-17\bin;C:\Program Files (x86)\Common Files\Oracle\Java\javapath;C:\WINDOWS\system32;C:\WINDOWS;C:\WINDOWS\System32\Wbem;C:\WINDOWS\System32\WindowsPowerShell\v1.0\;C:\WINDOWS\System32\OpenSSH\;C:\ProgramData\chocolatey\bin;C:\Program Files (x86)\Yarn\bin\;C:\Program Files\PostgreSQL\13\bin;C:\Program Files\TortoiseGit\bin;C:\Program Files\Git\cmd;C:\Program Files\nodejs\;C:\Program Files\Python311;C:\Program Files\Python311\Scripts;C:\Program Files\MySQL\MySQL Shell 8.0\bin\;C:\Users\Админ\AppData\Local\Microsoft\WindowsApps;C:\Users\Админ\AppData\Local\Programs\Microsoft VS Code\bin;C:\Program Files\JetBrains\PyCharm Community Edition 2019.1.2\bin;;C:\Users\Админ\AppData\Local\Yarn\bin;C:\Maven\bin;C:\Users\.pyenv\pyenv-win\bin;C:\Users\.pyenv\pyenv-win\shims;C:\Users\Админ\AppData\Local\GitHubDesktop\bin;C:\Program Files\heroku\bin;C:\Program Files\Java\jdk-17\bin;C:\Users\Админ\AppData\Roaming\npm;C:\Program Files\Python311;C:\Program Files\Python311\Scripts;;C:\Program Files\JetBrains\IntelliJ IDEA 2023.2.2\bin;
USERNAME=Админ
OS=Windows_NT
PROCESSOR_IDENTIFIER=Intel64 Family 6 Model 158 Stepping 11, GenuineIntel
TMP=C:\Users\7272~1\AppData\Local\Temp
TEMP=C:\Users\7272~1\AppData\Local\Temp


JNI global refs:
JNI global refs: 0, weak refs: 0

JNI global refs memory usage: 0, weak refs: 0

OOME stack traces (most recent first):
Classloader memory used:


---------------  S Y S T E M  ---------------

OS:
 Windows 10 , 64 bit Build 19041 (10.0.19041.3636)
OS uptime: 0 days 4:16 hours

CPU: total 4 (initial active 4) (4 cores per cpu, 1 threads per core) family 6 model 158 stepping 11 microcode 0xb4, cx8, cmov, fxsr, mmx, 3dnowpref, sse, sse2, sse3, ssse3, sse4.1, sse4.2, popcnt, lzcnt, tsc, tscinvbit, avx, avx2, aes, erms, clmul, bmi1, bmi2, adx, fma, vzeroupper, clflush, clflushopt
Processor Information for all 4 processors :
  Max Mhz: 3696, Current Mhz: 3696, Mhz Limit: 3696

Memory: 4k page, system-wide physical 16302M (6768M free)
TotalPageFile size 16302M (AvailPageFile size 248M)
current process WorkingSet (physical memory assigned to process): 10M, peak: 10M
current process commit charge ("private bytes"): 52M, peak: 307M

vm_info: OpenJDK 64-Bit Server VM (17.0.8+7-b1000.22) for windows-amd64 JRE (17.0.8+7-b1000.22), built on 2023-09-02 by "builduser" with MS VC++ 16.10 / 16.11 (VS2019)

END.
